<?xml version="1.0" encoding="utf-8"?><testsuites name="pytest tests"><testsuite name="pytest" errors="0" failures="0" skipped="0" tests="26" time="5.825" timestamp="2026-05-03T14:15:25.752730+00:00" hostname="agent-env-4aa460ae-0a5a-4993-bfab-c89586cb9798"><testcase classname="tests.test_multi_broker.TestBrokersStatus" name="test_brokers_status_shape_and_webhook" time="0.285" /><testcase classname="tests.test_multi_broker.TestDhanCredentials" name="test_dhan_save_credentials" time="0.111" /><testcase classname="tests.test_multi_broker.TestDhanCredentials" name="test_dhan_status_after_save" time="0.131" /><testcase classname="tests.test_multi_broker.TestDhanCredentials" name="test_dhan_connect_with_fake_creds_returns_400" time="0.517" /><testcase classname="tests.test_multi_broker.TestDhanCredentials" name="test_dhan_delete_credentials" time="0.199" /><testcase classname="tests.test_multi_broker.TestDhanCredentials" name="test_dhan_connect_without_creds" time="0.116" /><testcase classname="tests.test_multi_broker.TestAliceCredentials" name="test_alice_save_credentials" time="0.130" /><testcase classname="tests.test_multi_broker.TestAliceCredentials" name="test_alice_status_after_save" time="0.109" /><testcase classname="tests.test_multi_broker.TestAliceCredentials" name="test_alice_connect_with_fake_creds_returns_400" time="0.480" /><testcase classname="tests.test_multi_broker.TestAliceCredentials" name="test_alice_delete_credentials" time="0.161" /><testcase classname="tests.test_multi_broker.TestAlertsBrokerField" name="test_alert_create_with_dhan_broker" time="0.188" /><testcase classname="tests.test_multi_broker.TestAlertsBrokerField" name="test_alert_create_with_alice_blue_broker" time="0.102" /><testcase classname="tests.test_multi_broker.TestAlertsBrokerField" name="test_alert_create_with_kotak_broker" time="0.160" /><testcase classname="tests.test_multi_broker.TestWebhookRouting" name="test_webhook_routes_to_dhan" time="0.233" /><testcase classname="tests.test_multi_broker.TestWebhookRouting" name="test_webhook_routes_to_alice_blue" time="0.209" /><testcase classname="tests.test_multi_broker.TestWebhookRouting" name="test_webhook_routes_to_kotak" time="0.228" /><testcase classname="tests.test_multi_broker.TestPositionsAndEmaSl" name="test_positions_all_empty_no_broker_auth" time="0.120" /><testcase classname="tests.test_multi_broker.TestPositionsAndEmaSl" name="test_ema_sl_run_no_broker" time="0.097" /><testcase classname="tests.test_multi_broker.TestKotakStillWorks" name="test_kotak_credentials_save" time="0.109" /><testcase classname="tests.test_multi_broker.TestKotakStillWorks" name="test_kotak_status" time="0.116" /><testcase classname="tests.test_multi_broker.TestKotakStillWorks" name="test_kotak_login_invalid_creds_400" time="0.912" /><testcase classname="tests.test_multi_broker.TestWebhookTokenPersistence" name="test_token_persists_across_broker_changes" time="0.410" /><testcase classname="tests.test_multi_broker.TestZCleanup" name="test_cleanup_alerts" time="0.255" /><testcase classname="tests.test_multi_broker.TestZCleanup" name="test_cleanup_kotak" time="0.163" /><testcase classname="tests.test_multi_broker.TestZCleanup" name="test_cleanup_dhan" time="0.105" /><testcase classname="tests.test_multi_broker.TestZCleanup" name="test_cleanup_alice" time="0.098" /></testsuite></testsuites>