<?xml version="1.0" encoding="utf-8"?><testsuites name="pytest tests"><testsuite name="pytest" errors="0" failures="0" skipped="0" tests="15" time="3.424" timestamp="2026-05-17T07:29:52.544858+00:00" hostname="agent-env-4aa460ae-0a5a-4993-bfab-c89586cb9798"><testcase classname="tests.test_indmoney_iteration5.TestBrokersStatus" name="test_brokers_status_includes_indmoney" time="0.477" /><testcase classname="tests.test_indmoney_iteration5.TestBrokersStatus" name="test_brokers_status_includes_existing_brokers" time="0.103" /><testcase classname="tests.test_indmoney_iteration5.TestIndMoneyCredentials" name="test_initial_status_no_creds" time="0.211" /><testcase classname="tests.test_indmoney_iteration5.TestIndMoneyCredentials" name="test_connect_without_creds_returns_400" time="0.232" /><testcase classname="tests.test_indmoney_iteration5.TestIndMoneyCredentials" name="test_save_credentials_idempotent" time="0.337" /><testcase classname="tests.test_indmoney_iteration5.TestIndMoneyCredentials" name="test_brokers_status_reflects_saved_creds" time="0.105" /><testcase classname="tests.test_indmoney_iteration5.TestIndMoneyCredentials" name="test_connect_with_invalid_token_returns_400" time="0.493" /><testcase classname="tests.test_indmoney_iteration5.TestIndMoneyCredentials" name="test_delete_credentials" time="0.227" /><testcase classname="tests.test_indmoney_iteration5.TestManualOrderIndmoney" name="test_manual_order_indmoney_unauth_returns_skipped" time="0.224" /><testcase classname="tests.test_indmoney_iteration5.TestManualOrderIndmoney" name="test_manual_order_unsupported_broker_400" time="0.108" /><testcase classname="tests.test_indmoney_iteration5.TestSymbolMappingsCSV" name="test_csv_upload_indmoney_inserted" time="0.100" /><testcase classname="tests.test_indmoney_iteration5.TestRegression" name="test_ema_preview_reliance" time="0.409" /><testcase classname="tests.test_indmoney_iteration5.TestRegression" name="test_auth_me_with_bearer" time="0.100" /><testcase classname="tests.test_indmoney_iteration5.TestRegression" name="test_manual_order_kotak_unauth" time="0.105" /><testcase classname="tests.test_indmoney_iteration5.TestRegression" name="test_symbol_mappings_post_still_works" time="0.104" /></testsuite></testsuites>